<?xml version="1.0" encoding="UTF-8"?>
<!-- Generated by org.testng.reporters.JUnitXMLReporter -->
<testsuite ignored="1" hostname="DESKTOP-ROFUC2D" failures="0" tests="2" name="Submit Order Test" time="103.908" errors="0" timestamp="2024-01-15T19:24:56 IST">
  <testcase classname="company.tests.SubmitOrderTest" name="submitOrder" time="28.631"/>
  <testcase classname="company.tests.SubmitOrderTest" name="submitOrder" time="20.559"/>
  <testcase classname="company.tests.SubmitOrderTest" name="orderHistory" time="0.0">
    <ignored/>
  </testcase> <!-- orderHistory -->
</testsuite> <!-- Submit Order Test -->
