<?xml version="1.0" encoding="UTF-8"?>
<testng-results ignored="0" total="1" passed="1" failed="0" skipped="0">
  <reporter-output>
  </reporter-output>
  <suite started-at="2024-01-15T17:06:54 IST" name="Surefire suite" finished-at="2024-01-15T17:09:19 IST" duration-ms="145828">
    <groups>
      <group name="cucumber">
        <method signature="AbstractTestNGCucumberTests.runScenario(io.cucumber.testng.PickleWrapper,io.cucumber.testng.FeatureWrapper)[pri:0, instance:cucumber.TestNGTestRunner@2667f029]" name="runScenario" class="io.cucumber.testng.AbstractTestNGCucumberTests"/>
      </group> <!-- cucumber -->
    </groups>
    <test started-at="2024-01-15T17:06:54 IST" name="Surefire test" finished-at="2024-01-15T17:09:19 IST" duration-ms="145828">
      <class name="cucumber.TestNGTestRunner">
        <test-method is-config="true" signature="setUpClass(org.testng.ITestContext)[pri:0, instance:cucumber.TestNGTestRunner@2667f029]" started-at="2024-01-15T17:06:54 IST" name="setUpClass" finished-at="2024-01-15T17:06:56 IST" duration-ms="2327" status="PASS">
          <params>
            <param index="0">
              <value>
                <![CDATA[org.testng.TestRunner@6215366a]]>
              </value>
            </param>
          </params>
          <reporter-output>
          </reporter-output>
        </test-method> <!-- setUpClass -->
        <test-method signature="runScenario(io.cucumber.testng.PickleWrapper,io.cucumber.testng.FeatureWrapper)[pri:0, instance:cucumber.TestNGTestRunner@2667f029]" started-at="2024-01-15T17:06:56 IST" name="runScenario" description="Runs Cucumber Scenarios" data-provider="scenarios" finished-at="2024-01-15T17:09:19 IST" duration-ms="143190" status="PASS">
          <params>
            <param index="0">
              <value>
                <![CDATA["Positive Test of Submitting the Order"]]>
              </value>
            </param>
            <param index="1">
              <value>
                <![CDATA["Purchase the order from Ecommerce website"]]>
              </value>
            </param>
          </params>
          <reporter-output>
          </reporter-output>
        </test-method> <!-- runScenario -->
        <test-method is-config="true" signature="tearDownClass()[pri:0, instance:cucumber.TestNGTestRunner@2667f029]" started-at="2024-01-15T17:09:19 IST" name="tearDownClass" finished-at="2024-01-15T17:09:19 IST" duration-ms="197" status="PASS">
          <reporter-output>
          </reporter-output>
        </test-method> <!-- tearDownClass -->
      </class> <!-- cucumber.TestNGTestRunner -->
    </test> <!-- Surefire test -->
  </suite> <!-- Surefire suite -->
</testng-results>
