<?xml version="1.0" encoding="UTF-8"?>
<testng-results ignored="0" total="2" passed="2" failed="0" skipped="0">
  <reporter-output>
  </reporter-output>
  <suite started-at="2024-01-15T19:23:12 IST" name="Suite" finished-at="2024-01-15T19:24:56 IST" duration-ms="103908">
    <groups>
      <group name="Purchase">
        <method signature="SubmitOrderTest.submitOrder(java.util.HashMap)[pri:0, instance:company.tests.SubmitOrderTest@5bf0d49]" name="submitOrder" class="company.tests.SubmitOrderTest"/>
      </group> <!-- Purchase -->
    </groups>
    <test started-at="2024-01-15T19:23:12 IST" name="Error Validation Test" finished-at="2024-01-15T19:23:12 IST" duration-ms="36">
    </test> <!-- Error Validation Test -->
    <test started-at="2024-01-15T19:23:12 IST" name="Submit Order Test" finished-at="2024-01-15T19:24:56 IST" duration-ms="103908">
      <class name="company.tests.SubmitOrderTest">
        <test-method is-config="true" signature="launchApplication()[pri:0, instance:company.tests.SubmitOrderTest@5bf0d49]" started-at="2024-01-15T19:23:14 IST" name="launchApplication" finished-at="2024-01-15T19:23:55 IST" duration-ms="41200" status="PASS">
          <reporter-output>
          </reporter-output>
        </test-method> <!-- launchApplication -->
        <test-method signature="submitOrder(java.util.HashMap)[pri:0, instance:company.tests.SubmitOrderTest@5bf0d49]" started-at="2024-01-15T19:23:55 IST" name="submitOrder" data-provider="getData" finished-at="2024-01-15T19:24:23 IST" duration-ms="28631" status="PASS">
          <params>
            <param index="0">
              <value>
                <![CDATA[{password=Anshu@1234, email=anshu1234@gmail.com, productName=ZARA COAT 3}]]>
              </value>
            </param>
          </params>
          <reporter-output>
          </reporter-output>
        </test-method> <!-- submitOrder -->
        <test-method is-config="true" signature="tearDown()[pri:0, instance:company.tests.SubmitOrderTest@5bf0d49]" started-at="2024-01-15T19:24:23 IST" name="tearDown" finished-at="2024-01-15T19:24:24 IST" duration-ms="1026" status="PASS">
          <reporter-output>
          </reporter-output>
        </test-method> <!-- tearDown -->
        <test-method is-config="true" signature="launchApplication()[pri:0, instance:company.tests.SubmitOrderTest@5bf0d49]" started-at="2024-01-15T19:24:24 IST" name="launchApplication" finished-at="2024-01-15T19:24:35 IST" duration-ms="10697" status="PASS">
          <reporter-output>
          </reporter-output>
        </test-method> <!-- launchApplication -->
        <test-method signature="submitOrder(java.util.HashMap)[pri:0, instance:company.tests.SubmitOrderTest@5bf0d49]" started-at="2024-01-15T19:24:35 IST" name="submitOrder" data-provider="getData" finished-at="2024-01-15T19:24:56 IST" duration-ms="20559" status="PASS">
          <params>
            <param index="0">
              <value>
                <![CDATA[{password=Leena@1234, email=leena1234@gmail.com, productName=ADIDAS ORIGINAL}]]>
              </value>
            </param>
          </params>
          <reporter-output>
          </reporter-output>
        </test-method> <!-- submitOrder -->
        <test-method is-config="true" signature="tearDown()[pri:0, instance:company.tests.SubmitOrderTest@5bf0d49]" started-at="2024-01-15T19:24:56 IST" name="tearDown" finished-at="2024-01-15T19:24:56 IST" duration-ms="480" status="PASS">
          <reporter-output>
          </reporter-output>
        </test-method> <!-- tearDown -->
      </class> <!-- company.tests.SubmitOrderTest -->
    </test> <!-- Submit Order Test -->
  </suite> <!-- Suite -->
</testng-results>
